<?xml version="1.0" encoding="UTF-8"?>
<!-- Generated by org.testng.reporters.JUnitReportReporter -->
<testsuite hostname="LAPTOP-G67TU0C1" failures="0" tests="4" name="com.herokuapp.theinternet.fileuploadtest.FileUploadTest" time="37.249" errors="0" timestamp="2023-09-20T11:48:20 CST" skipped="0">
  <testcase classname="com.herokuapp.theinternet.fileuploadtest.FileUploadTest" name="uploadFileTest" time="9.117"/>
  <system-out/>
  <testcase classname="com.herokuapp.theinternet.fileuploadtest.FileUploadTest" name="uploadFileTest" time="6.886"/>
  <system-out/>
  <testcase classname="com.herokuapp.theinternet.fileuploadtest.FileUploadTest" name="uploadFileTest" time="7.760"/>
  <system-out/>
  <testcase classname="com.herokuapp.theinternet.fileuploadtest.FileUploadTest" name="uploadFileTest" time="13.486"/>
  <system-out/>
</testsuite> <!-- com.herokuapp.theinternet.fileuploadtest.FileUploadTest -->
