<?xml version="1.0" encoding="UTF-8"?>
<!-- Generated by org.testng.reporters.JUnitReportReporter -->
<testsuite hostname="LAPTOP-G67TU0C1" failures="0" tests="2" name="com.herokuapp.theinternet.ExceptionsTests" time="22.996" errors="0" timestamp="2023-06-11T17:13:08 CST" skipped="0">
  <testcase classname="com.herokuapp.theinternet.ExceptionsTests" name="noSuchElementExceptionTest" time="14.224"/>
  <system-out/>
  <testcase classname="com.herokuapp.theinternet.ExceptionsTests" name="elementNotInteractableException" time="8.772"/>
  <system-out/>
</testsuite> <!-- com.herokuapp.theinternet.ExceptionsTests -->
