<?xml version="1.0" encoding="UTF-8"?>
<!-- Generated by org.testng.reporters.JUnitReportReporter -->
<testsuite hostname="LAPTOP-G67TU0C1" failures="0" tests="1" name="com.herokuapp.theinternet.dropdowntest.DropdownTest" time="10.220" errors="0" timestamp="2023-08-02T14:34:46 CST" skipped="0">
  <testcase classname="com.herokuapp.theinternet.dropdowntest.DropdownTest" name="dropdownOptionTwoTest" time="10.220"/>
  <system-out/>
</testsuite> <!-- com.herokuapp.theinternet.dropdowntest.DropdownTest -->
