<?xml version="1.0" encoding="UTF-8"?>
<!-- Generated by org.testng.reporters.JUnitReportReporter -->
<testsuite hostname="LAPTOP-G67TU0C1" failures="0" tests="5" name="com.herokuapp.theinternet.loginpagetest.NegativeLoggInTests" time="23.416" errors="0" timestamp="2023-09-20T16:56:56 CST" skipped="0">
  <testcase classname="com.herokuapp.theinternet.loginpagetest.NegativeLoggInTests" name="negativeTest" time="3.686"/>
  <system-out/>
  <testcase classname="com.herokuapp.theinternet.loginpagetest.NegativeLoggInTests" name="negativeTest" time="6.181"/>
  <system-out/>
  <testcase classname="com.herokuapp.theinternet.loginpagetest.NegativeLoggInTests" name="negativeTest" time="3.173"/>
  <system-out/>
  <testcase classname="com.herokuapp.theinternet.loginpagetest.NegativeLoggInTests" name="negativeTest" time="7.097"/>
  <system-out/>
  <testcase classname="com.herokuapp.theinternet.loginpagetest.NegativeLoggInTests" name="negativeTest" time="3.279"/>
  <system-out/>
</testsuite> <!-- com.herokuapp.theinternet.loginpagetest.NegativeLoggInTests -->
