<?xml version="1.0" encoding="UTF-8"?>
<!-- Generated by org.testng.reporters.JUnitReportReporter -->
<testsuite hostname="LAPTOP-G67TU0C1" failures="0" tests="2" name="com.herokuapp.theinternet.loginpagetest.PositiveLoginTests" time="11.101" errors="0" timestamp="2023-09-26T18:19:31 CST" skipped="0">
  <testcase classname="com.herokuapp.theinternet.loginpagetest.PositiveLoginTests" name="loginTest" time="5.434"/>
  <system-out/>
  <testcase classname="com.herokuapp.theinternet.loginpagetest.PositiveLoginTests" name="loginTest" time="5.667"/>
  <system-out/>
</testsuite> <!-- com.herokuapp.theinternet.loginpagetest.PositiveLoginTests -->
