<?xml version="1.0" encoding="UTF-8"?>
<!-- Generated by org.testng.reporters.JUnitReportReporter -->
<testsuite hostname="LAPTOP-G67TU0C1" failures="0" tests="2" name="com.herokuapp.theinternet.NegativeTests2" time="6.369" errors="0" timestamp="2023-06-01T10:34:46 CST" skipped="0">
  <testcase classname="com.herokuapp.theinternet.NegativeTests2" name="negativeLoginTest" time="3.191"/>
  <system-out/>
  <testcase classname="com.herokuapp.theinternet.NegativeTests2" name="negativeLoginTest" time="3.178"/>
  <system-out/>
</testsuite> <!-- com.herokuapp.theinternet.NegativeTests2 -->
