<?xml version="1.0" encoding="UTF-8"?>
<!-- Generated by org.testng.reporters.JUnitReportReporter -->
<testsuite hostname="LAPTOP-G67TU0C1" failures="0" tests="1" name="com.herokuapp.theinternet.PositiveTests" time="3.002" errors="0" timestamp="2023-05-30T12:05:19 CST" skipped="0">
  <testcase classname="com.herokuapp.theinternet.PositiveTests" name="loginTest" time="3.002"/>
  <system-out/>
</testsuite> <!-- com.herokuapp.theinternet.PositiveTests -->
