<?xml version="1.0" encoding="UTF-8"?>
<!-- Generated by org.testng.reporters.JUnitReportReporter -->
<testsuite hostname="LAPTOP-G67TU0C1" failures="0" tests="3" name="com.herokuapp.theinternet.LoginTests" time="17.754" errors="0" timestamp="2023-06-01T10:40:00 CST" skipped="0">
  <testcase classname="com.herokuapp.theinternet.LoginTests" name="loginTest" time="8.845"/>
  <system-out/>
  <testcase classname="com.herokuapp.theinternet.LoginTests" name="negativeLoginTest" time="3.588"/>
  <system-out/>
  <testcase classname="com.herokuapp.theinternet.LoginTests" name="negativeLoginTest" time="5.321"/>
  <system-out/>
</testsuite> <!-- com.herokuapp.theinternet.LoginTests -->
