<?xml version="1.0" encoding="UTF-8"?>
<!-- Generated by org.testng.reporters.JUnitReportReporter -->
<testsuite hostname="LAPTOP-G67TU0C1" failures="0" tests="3" name="com.herokuapp.theinternet.LoginTests" time="27.209" errors="0" timestamp="2023-06-02T12:35:32 CST" skipped="0">
  <testcase classname="com.herokuapp.theinternet.LoginTests" name="loginTest" time="10.744"/>
  <system-out/>
  <testcase classname="com.herokuapp.theinternet.LoginTests" name="negativeLoginTest" time="6.047"/>
  <system-out/>
  <testcase classname="com.herokuapp.theinternet.LoginTests" name="negativeLoginTest" time="10.418"/>
  <system-out/>
</testsuite> <!-- com.herokuapp.theinternet.LoginTests -->
