<?xml version="1.0" encoding="UTF-8"?>
<!-- Generated by org.testng.reporters.JUnitReportReporter -->
<testsuite hostname="LAPTOP-G67TU0C1" failures="0" tests="1" name="com.herokuapp.theinternet.draganddroptest.DragAndDropTest" time="8.319" errors="0" timestamp="2023-08-25T18:05:23 CST" skipped="0">
  <testcase classname="com.herokuapp.theinternet.draganddroptest.DragAndDropTest" name="dragAndDropTest" time="8.319"/>
  <system-out/>
</testsuite> <!-- com.herokuapp.theinternet.draganddroptest.DragAndDropTest -->
