<?xml version="1.0" encoding="UTF-8"?>
<!-- Generated by org.testng.reporters.JUnitReportReporter -->
<testsuite hostname="LAPTOP-G67TU0C1" failures="0" tests="5" name="com.herokuapp.theinternet.javascriptalertstest.JavascriptAlertsTests" time="39.090" errors="0" timestamp="2023-08-03T14:04:01 CST" skipped="0">
  <testcase classname="com.herokuapp.theinternet.javascriptalertstest.JavascriptAlertsTests" name="javascriptAlertTest" time="9.649"/>
  <system-out/>
  <testcase classname="com.herokuapp.theinternet.javascriptalertstest.JavascriptAlertsTests" name="javascriptConfirmJSConfirmTest" time="9.090"/>
  <system-out/>
  <testcase classname="com.herokuapp.theinternet.javascriptalertstest.JavascriptAlertsTests" name="javascriptCancelJSConfirmTest" time="6.271"/>
  <system-out/>
  <testcase classname="com.herokuapp.theinternet.javascriptalertstest.JavascriptAlertsTests" name="javascriptConfirmJSPromptTest" time="6.267"/>
  <system-out/>
  <testcase classname="com.herokuapp.theinternet.javascriptalertstest.JavascriptAlertsTests" name="javascriptCancelJSPromptTest" time="7.813"/>
  <system-out/>
</testsuite> <!-- com.herokuapp.theinternet.javascriptalertstest.JavascriptAlertsTests -->
