<?xml version="1.0" encoding="UTF-8"?>
<!-- Generated by org.testng.reporters.JUnitReportReporter -->
<testsuite hostname="LAPTOP-G67TU0C1" failures="0" tests="1" name="com.herokuapp.theinternet.ExceptionsTests" time="16.247" errors="0" timestamp="2023-06-08T15:46:44 CST" skipped="0">
  <testcase classname="com.herokuapp.theinternet.ExceptionsTests" name="noSuchElementExceptionTest" time="16.247"/>
  <system-out/>
</testsuite> <!-- com.herokuapp.theinternet.ExceptionsTests -->
