<?xml version="1.0" encoding="UTF-8"?>
<!-- Generated by org.testng.reporters.JUnitReportReporter -->
<testsuite hostname="LAPTOP-G67TU0C1" failures="0" tests="1" name="com.herokuapp.theinternet.loginpagetest.LoginPOMTest" time="4.706" errors="0" timestamp="2023-08-09T22:45:33 CST" skipped="0">
  <testcase classname="com.herokuapp.theinternet.loginpagetest.LoginPOMTest" name="loginTest" time="4.706"/>
  <system-out/>
</testsuite> <!-- com.herokuapp.theinternet.loginpagetest.LoginPOMTest -->
