<?xml version="1.0" encoding="UTF-8"?>
<!-- Generated by org.testng.reporters.JUnitReportReporter -->
<testsuite hostname="LAPTOP-G67TU0C1" failures="0" tests="4" name="com.herokuapp.theinternet.loginpagetest.NegativeLoggInTests" time="51.001" errors="0" timestamp="2023-07-25T21:51:40 CST" skipped="0">
  <testcase classname="com.herokuapp.theinternet.loginpagetest.NegativeLoggInTests" name="negativeTest" time="12.897"/>
  <system-out/>
  <testcase classname="com.herokuapp.theinternet.loginpagetest.NegativeLoggInTests" name="negativeTest" time="12.616"/>
  <system-out/>
  <testcase classname="com.herokuapp.theinternet.loginpagetest.NegativeLoggInTests" name="negativeTest" time="12.640"/>
  <system-out/>
  <testcase classname="com.herokuapp.theinternet.loginpagetest.NegativeLoggInTests" name="negativeTest" time="12.848"/>
  <system-out/>
</testsuite> <!-- com.herokuapp.theinternet.loginpagetest.NegativeLoggInTests -->
