<?xml version="1.0" encoding="UTF-8"?>
<!-- Generated by org.testng.reporters.JUnitReportReporter -->
<testsuite hostname="LAPTOP-G67TU0C1" failures="0" tests="1" name="com.herokuapp.theinternet.iframestest.IframesTest" time="6.481" errors="0" timestamp="2023-08-15T22:51:59 CST" skipped="0">
  <testcase classname="com.herokuapp.theinternet.iframestest.IframesTest" name="iFrameTest" time="6.481"/>
  <system-out/>
</testsuite> <!-- com.herokuapp.theinternet.iframestest.IframesTest -->
