<?xml version="1.0" encoding="UTF-8"?>
<!-- Generated by org.testng.reporters.JUnitReportReporter -->
<testsuite hostname="LAPTOP-G67TU0C1" failures="0" tests="3" name="com.herokuapp.theinternet.javascriptalertstest.JavascriptAlertsTests" time="20.138" errors="0" timestamp="2023-08-02T16:16:15 CST" skipped="0">
  <testcase classname="com.herokuapp.theinternet.javascriptalertstest.JavascriptAlertsTests" name="javascriptAlertTest" time="2.972"/>
  <system-out/>
  <testcase classname="com.herokuapp.theinternet.javascriptalertstest.JavascriptAlertsTests" name="javascriptPromptTest" time="14.230"/>
  <system-out/>
  <testcase classname="com.herokuapp.theinternet.javascriptalertstest.JavascriptAlertsTests" name="javascriptConfirmTest" time="2.936"/>
  <system-out/>
</testsuite> <!-- com.herokuapp.theinternet.javascriptalertstest.JavascriptAlertsTests -->
