<?xml version="1.0" encoding="UTF-8"?>
<!-- Generated by org.testng.reporters.JUnitReportReporter -->
<testsuite hostname="LAPTOP-G67TU0C1" failures="0" tests="1" name="com.herokuapp.theinternet.checkboxpagetest.CheckboxesPOMTest" time="4.188" errors="0" timestamp="2023-07-28T08:36:25 CST" skipped="0">
  <testcase classname="com.herokuapp.theinternet.checkboxpagetest.CheckboxesPOMTest" name="checkboxTest" time="4.188"/>
  <system-out/>
</testsuite> <!-- com.herokuapp.theinternet.checkboxpagetest.CheckboxesPOMTest -->
