<?xml version="1.0" encoding="UTF-8"?>
<!-- Generated by org.testng.reporters.JUnitReportReporter -->
<testsuite hostname="LAPTOP-G67TU0C1" failures="0" tests="4" name="com.herokuapp.theinternet.loginpagetest.ExceptionsTests" time="9.822" errors="0" timestamp="2023-08-09T22:31:23 CST" skipped="3">
  <testcase classname="com.herokuapp.theinternet.loginpagetest.ExceptionsTests" name="elementNotInteractableException" time="9.822"/>
  <system-out/>
  <testcase classname="com.herokuapp.theinternet.loginpagetest.ExceptionsTests" name="staleElementReferenceExceptionTest">
    <skipped/>
  </testcase> <!-- staleElementReferenceExceptionTest -->
  <system-out/>
  <testcase classname="com.herokuapp.theinternet.loginpagetest.ExceptionsTests" name="noSuchElementExceptionTest">
    <skipped/>
  </testcase> <!-- noSuchElementExceptionTest -->
  <system-out/>
  <testcase classname="com.herokuapp.theinternet.loginpagetest.ExceptionsTests" name="invalidElementStateExceptionTest">
    <skipped/>
  </testcase> <!-- invalidElementStateExceptionTest -->
  <system-out/>
</testsuite> <!-- com.herokuapp.theinternet.loginpagetest.ExceptionsTests -->
