<?xml version="1.0" encoding="UTF-8"?>
<!-- Generated by org.testng.reporters.JUnitReportReporter -->
<testsuite hostname="LAPTOP-G67TU0C1" failures="0" tests="2" name="com.herokuapp.theinternet.NegativeTests" time="4.329" errors="0" timestamp="2023-05-30T12:05:19 CST" skipped="1">
  <testcase classname="com.herokuapp.theinternet.NegativeTests" name="negativeUsernameTest" time="4.329"/>
  <system-out/>
  <testcase classname="com.herokuapp.theinternet.NegativeTests" name="negativePasswordTest">
    <skipped/>
  </testcase> <!-- negativePasswordTest -->
  <system-out/>
</testsuite> <!-- com.herokuapp.theinternet.NegativeTests -->
