<?xml version="1.0" encoding="UTF-8"?>
<!-- Generated by org.testng.reporters.JUnitReportReporter -->
<testsuite hostname="LAPTOP-G67TU0C1" failures="0" tests="1" name="com.herokuapp.theinternet.loginpagetest.LoginPOMTest" time="5.071" errors="0" timestamp="2023-07-26T19:48:25 CST" skipped="0">
  <testcase classname="com.herokuapp.theinternet.loginpagetest.LoginPOMTest" name="loginTest" time="5.071"/>
  <system-out/>
</testsuite> <!-- com.herokuapp.theinternet.loginpagetest.LoginPOMTest -->
