<?xml version="1.0" encoding="UTF-8"?>
<!-- Generated by org.testng.reporters.JUnitReportReporter -->
<testsuite hostname="LAPTOP-G67TU0C1" failures="0" tests="1" name="com.herokuapp.theinternet.draganddroptest.DragAndDropTest" time="5.128" errors="0" timestamp="2023-09-25T16:41:30 CST" skipped="0">
  <testcase classname="com.herokuapp.theinternet.draganddroptest.DragAndDropTest" name="dragAndDropTest" time="5.128"/>
  <system-out/>
</testsuite> <!-- com.herokuapp.theinternet.draganddroptest.DragAndDropTest -->
