<?xml version="1.0" encoding="UTF-8"?>
<!-- Generated by org.testng.reporters.JUnitReportReporter -->
<testsuite hostname="LAPTOP-G67TU0C1" failures="0" tests="1" name="com.herokuapp.theinternet.loginpagetest.PositiveLoginTests" time="8.575" errors="0" timestamp="2023-07-25T22:13:19 CST" skipped="0">
  <testcase classname="com.herokuapp.theinternet.loginpagetest.PositiveLoginTests" name="loginTest" time="8.575"/>
  <system-out/>
</testsuite> <!-- com.herokuapp.theinternet.loginpagetest.PositiveLoginTests -->
