<?xml version="1.0" encoding="UTF-8"?>
<!-- Generated by org.testng.reporters.JUnitReportReporter -->
<testsuite hostname="LAPTOP-G67TU0C1" failures="0" tests="1" name="com.herokuapp.theinternet.fileuploadtest.FileUploadTest" time="5.492" errors="0" timestamp="2023-08-23T17:23:56 CST" skipped="0">
  <testcase classname="com.herokuapp.theinternet.fileuploadtest.FileUploadTest" name="uploadFileTest" time="5.492"/>
  <system-out/>
</testsuite> <!-- com.herokuapp.theinternet.fileuploadtest.FileUploadTest -->
