<?xml version="1.0" encoding="UTF-8"?>
<!-- Generated by org.testng.reporters.JUnitReportReporter -->
<testsuite hostname="LAPTOP-G67TU0C1" failures="0" tests="1" name="com.herokuapp.theinternet.iframestest.IframesTest" time="21.200" errors="0" timestamp="2023-08-25T16:46:19 CST" skipped="0">
  <testcase classname="com.herokuapp.theinternet.iframestest.IframesTest" name="iFrameTest" time="21.200"/>
  <system-out/>
</testsuite> <!-- com.herokuapp.theinternet.iframestest.IframesTest -->
