<?xml version="1.0" encoding="UTF-8"?>
<!-- Generated by org.testng.reporters.JUnitReportReporter -->
<testsuite hostname="LAPTOP-G67TU0C1" failures="0" tests="4" name="com.herokuapp.theinternet.fileuploadtest.FileUploadTest" time="14.977" errors="0" timestamp="2023-09-06T12:42:34 CST" skipped="0">
  <testcase classname="com.herokuapp.theinternet.fileuploadtest.FileUploadTest" name="uploadFileTest" time="3.486"/>
  <system-out/>
  <testcase classname="com.herokuapp.theinternet.fileuploadtest.FileUploadTest" name="uploadFileTest" time="2.983"/>
  <system-out/>
  <testcase classname="com.herokuapp.theinternet.fileuploadtest.FileUploadTest" name="uploadFileTest" time="3.150"/>
  <system-out/>
  <testcase classname="com.herokuapp.theinternet.fileuploadtest.FileUploadTest" name="uploadFileTest" time="5.358"/>
  <system-out/>
</testsuite> <!-- com.herokuapp.theinternet.fileuploadtest.FileUploadTest -->
