<?xml version="1.0" encoding="UTF-8"?>
<!-- Generated by org.testng.reporters.JUnitReportReporter -->
<testsuite hostname="LAPTOP-G67TU0C1" failures="0" tests="2" name="com.herokuapp.theinternet.checkboxpagetest.CheckboxesPOMTest" time="9.604" errors="0" timestamp="2023-09-27T12:10:20 CST" skipped="0">
  <testcase classname="com.herokuapp.theinternet.checkboxpagetest.CheckboxesPOMTest" name="checkboxTest" time="4.109"/>
  <system-out/>
  <testcase classname="com.herokuapp.theinternet.checkboxpagetest.CheckboxesPOMTest" name="checkboxTest" time="5.495"/>
  <system-out/>
</testsuite> <!-- com.herokuapp.theinternet.checkboxpagetest.CheckboxesPOMTest -->
