<?xml version="1.0" encoding="UTF-8"?>
<!-- Generated by org.testng.reporters.JUnitReportReporter -->
<testsuite hostname="LAPTOP-G67TU0C1" failures="0" tests="1" name="com.herokuapp.theinternet.ExceptionsTests" time="18.059" errors="0" timestamp="2023-06-07T19:54:43 CST" skipped="0">
  <testcase classname="com.herokuapp.theinternet.ExceptionsTests" name="noSuchElementExceptionTest" time="18.059"/>
  <system-out/>
</testsuite> <!-- com.herokuapp.theinternet.ExceptionsTests -->
