<?xml version="1.0" encoding="UTF-8"?>
<!-- Generated by org.testng.reporters.JUnitReportReporter -->
<testsuite hostname="LAPTOP-G67TU0C1" failures="0" tests="2" name="com.herokuapp.theinternet.loginpagetest.NegativeLoginTests2" time="11.921" errors="0" timestamp="2023-07-20T16:29:39 CST" skipped="0">
  <testcase classname="com.herokuapp.theinternet.loginpagetest.NegativeLoginTests2" name="negativeLoginTest" time="5.952"/>
  <system-out/>
  <testcase classname="com.herokuapp.theinternet.loginpagetest.NegativeLoginTests2" name="negativeLoginTest" time="5.969"/>
  <system-out/>
</testsuite> <!-- com.herokuapp.theinternet.loginpagetest.NegativeLoginTests2 -->
