<?xml version="1.0" encoding="UTF-8"?>
<!-- Generated by org.testng.reporters.JUnitReportReporter -->
<testsuite hostname="LAPTOP-G67TU0C1" failures="0" tests="1" name="com.herokuapp.theinternet.NegativeTests" time="4.928" errors="0" timestamp="2023-05-31T17:12:34 CST" skipped="0">
  <testcase classname="com.herokuapp.theinternet.NegativeTests" name="negativeUsernameTest" time="4.928"/>
  <system-out/>
</testsuite> <!-- com.herokuapp.theinternet.NegativeTests -->
