<?xml version="1.0" encoding="UTF-8"?>
<!-- Generated by org.testng.reporters.JUnitReportReporter -->
<testsuite hostname="LAPTOP-G67TU0C1" failures="0" tests="1" name="com.herokuapp.theinternet.checkboxpagetest.CheckboxesPOMTest" time="10.815" errors="0" timestamp="2023-08-09T13:28:35 CST" skipped="0">
  <testcase classname="com.herokuapp.theinternet.checkboxpagetest.CheckboxesPOMTest" name="checkboxTest" time="10.815"/>
  <system-out/>
</testsuite> <!-- com.herokuapp.theinternet.checkboxpagetest.CheckboxesPOMTest -->
