<?xml version="1.0" encoding="UTF-8"?>
<!-- Generated by org.testng.reporters.JUnitReportReporter -->
<testsuite hostname="LAPTOP-G67TU0C1" failures="0" tests="1" name="com.herokuapp.theinternet.hoverovertest.HoverOverTest" time="6.378" errors="0" timestamp="2023-08-28T18:45:15 CST" skipped="0">
  <testcase classname="com.herokuapp.theinternet.hoverovertest.HoverOverTest" name="hoverOverTest" time="6.378"/>
  <system-out/>
</testsuite> <!-- com.herokuapp.theinternet.hoverovertest.HoverOverTest -->
