<?xml version="1.0" encoding="UTF-8"?>
<!-- Generated by org.testng.reporters.JUnitReportReporter -->
<testsuite hostname="LAPTOP-G67TU0C1" failures="0" tests="2" name="com.herokuapp.theinternet.loginpagetest.NegativeLoginTests2" time="11.642" errors="0" timestamp="2023-07-24T15:53:06 CST" skipped="0">
  <testcase classname="com.herokuapp.theinternet.loginpagetest.NegativeLoginTests2" name="negativeLoginTest" time="5.793"/>
  <system-out/>
  <testcase classname="com.herokuapp.theinternet.loginpagetest.NegativeLoginTests2" name="negativeLoginTest" time="5.849"/>
  <system-out/>
</testsuite> <!-- com.herokuapp.theinternet.loginpagetest.NegativeLoginTests2 -->
