<?xml version="1.0" encoding="UTF-8"?>
<!-- Generated by org.testng.reporters.JUnitReportReporter -->
<testsuite hostname="LAPTOP-G67TU0C1" failures="0" tests="3" name="com.herokuapp.theinternet.keypresstest.KeyPressTest" time="10.493" errors="0" timestamp="2023-08-21T20:30:22 CST" skipped="0">
  <testcase classname="com.herokuapp.theinternet.keypresstest.KeyPressTest" name="keyPressedTest" time="3.088"/>
  <system-out/>
  <testcase classname="com.herokuapp.theinternet.keypresstest.KeyPressTest" name="keyPressedWithActionTest" time="3.039"/>
  <system-out/>
  <testcase classname="com.herokuapp.theinternet.keypresstest.KeyPressTest" name="keyPressedWithActionSpecificKeyTest" time="4.366"/>
  <system-out/>
</testsuite> <!-- com.herokuapp.theinternet.keypresstest.KeyPressTest -->
