<?xml version="1.0" encoding="UTF-8"?>
<!-- Generated by org.testng.reporters.JUnitReportReporter -->
<testsuite hostname="LAPTOP-G67TU0C1" failures="0" tests="1" name="com.herokuapp.theinternet.multiplewindowstest.MultipleWindowsTest" time="4.663" errors="0" timestamp="2023-08-09T15:55:42 CST" skipped="0">
  <testcase classname="com.herokuapp.theinternet.multiplewindowstest.MultipleWindowsTest" name="openNewWindowsTest" time="4.663"/>
  <system-out/>
</testsuite> <!-- com.herokuapp.theinternet.multiplewindowstest.MultipleWindowsTest -->
