<?xml version="1.0" encoding="UTF-8"?>
<!-- Generated by org.testng.reporters.JUnitReportReporter -->
<testsuite hostname="DESKTOP-RKQMCBP" failures="0" tests="1" name="com.herokuapp.theinternet.PositiveTests" time="9.599" errors="0" timestamp="2023-05-15T19:37:03 CST" skipped="0">
  <testcase classname="com.herokuapp.theinternet.PositiveTests" name="loginTest" time="9.599"/>
  <system-out/>
</testsuite> <!-- com.herokuapp.theinternet.PositiveTests -->
